<?xml version="1.0" encoding="UTF-8"?>
<testsuite name="com.polarbookshop.catalogservice.web.BookControllerMvcTests" tests="1" skipped="0" failures="0" errors="0" timestamp="2024-04-05T14:20:22" hostname="Bhawnas-MacBook-Pro.local" time="0.03">
  <properties/>
  <testcase name="whenGetBookNotExistingThenShouldReturn404()" classname="com.polarbookshop.catalogservice.web.BookControllerMvcTests" time="0.03"/>
  <system-out><![CDATA[2024-04-05T10:20:22.318-04:00  INFO 45437 --- [catalog-service] [    Test worker] t.c.s.AnnotationConfigContextLoaderUtils : Could not detect default configuration classes for test class [com.polarbookshop.catalogservice.web.BookControllerMvcTests]: BookControllerMvcTests does not declare any static, non-private, non-final, nested classes annotated with @Configuration.
2024-04-05T10:20:22.328-04:00  INFO 45437 --- [catalog-service] [    Test worker] .b.t.c.SpringBootTestContextBootstrapper : Found @SpringBootConfiguration com.polarbookshop.catalogservice.CatalogServiceApplication for test class com.polarbookshop.catalogservice.web.BookControllerMvcTests

  .   ____          _            __ _ _
 /\\ / ___'_ __ _ _(_)_ __  __ _ \ \ \ \
( ( )\___ | '_ | '_| | '_ \/ _` | \ \ \ \
 \\/  ___)| |_)| | | | | || (_| |  ) ) ) )
  '  |____| .__|_| |_|_| |_\__, | / / / /
 =========|_|==============|___/=/_/_/_/
 :: Spring Boot ::                (v3.2.3)

2024-04-05T10:20:22.367-04:00  INFO 45437 --- [catalog-service] [    Test worker] c.p.c.web.BookControllerMvcTests         : Starting BookControllerMvcTests using Java 17.0.10 with PID 45437 (started by bhawnabassarmalani in /Users/bhawnabassarmalani/Desktop/Projects/Cloud-native-spring)
2024-04-05T10:20:22.367-04:00  INFO 45437 --- [catalog-service] [    Test worker] c.p.c.web.BookControllerMvcTests         : No active profile set, falling back to 1 default profile: "default"
2024-04-05T10:20:22.368-04:00  INFO 45437 --- [catalog-service] [    Test worker] o.s.c.c.c.ConfigServerConfigDataLoader   : Fetching config from server at : http://localhost:8888
2024-04-05T10:20:22.368-04:00  INFO 45437 --- [catalog-service] [    Test worker] o.s.c.c.c.ConfigServerConfigDataLoader   : Exception on Url - http://localhost:8888:org.springframework.web.client.ResourceAccessException: I/O error on GET request for "http://localhost:8888/catalog-service/default": Connection refused. Will be trying the next url if available
2024-04-05T10:20:22.368-04:00  WARN 45437 --- [catalog-service] [    Test worker] o.s.c.c.c.ConfigServerConfigDataLoader   : Could not locate PropertySource ([ConfigServerConfigDataResource@3fe1b278 uris = array<String>['http://localhost:8888'], optional = true, profiles = 'default']): I/O error on GET request for "http://localhost:8888/catalog-service/default": Connection refused
2024-04-05T10:20:22.368-04:00  INFO 45437 --- [catalog-service] [    Test worker] o.s.c.c.c.ConfigServerConfigDataLoader   : Fetching config from server at : http://localhost:8888
2024-04-05T10:20:22.368-04:00  INFO 45437 --- [catalog-service] [    Test worker] o.s.c.c.c.ConfigServerConfigDataLoader   : Exception on Url - http://localhost:8888:org.springframework.web.client.ResourceAccessException: I/O error on GET request for "http://localhost:8888/catalog-service/default": Connection refused. Will be trying the next url if available
2024-04-05T10:20:22.368-04:00  WARN 45437 --- [catalog-service] [    Test worker] o.s.c.c.c.ConfigServerConfigDataLoader   : Could not locate PropertySource ([ConfigServerConfigDataResource@3678f32e uris = array<String>['http://localhost:8888'], optional = true, profiles = 'default']): I/O error on GET request for "http://localhost:8888/catalog-service/default": Connection refused
2024-04-05T10:20:22.368-04:00  INFO 45437 --- [catalog-service] [    Test worker] o.s.c.c.c.ConfigServerConfigDataLoader   : Fetching config from server at : http://localhost:8888
2024-04-05T10:20:22.368-04:00  INFO 45437 --- [catalog-service] [    Test worker] o.s.c.c.c.ConfigServerConfigDataLoader   : Exception on Url - http://localhost:8888:org.springframework.web.client.ResourceAccessException: I/O error on GET request for "http://localhost:8888/catalog-service/default": Connection refused. Will be trying the next url if available
2024-04-05T10:20:22.368-04:00  WARN 45437 --- [catalog-service] [    Test worker] o.s.c.c.c.ConfigServerConfigDataLoader   : Could not locate PropertySource ([ConfigServerConfigDataResource@678c0310 uris = array<String>['http://localhost:8888'], optional = true, profiles = 'default']): I/O error on GET request for "http://localhost:8888/catalog-service/default": Connection refused
2024-04-05T10:20:22.633-04:00  INFO 45437 --- [catalog-service] [    Test worker] o.s.b.t.m.w.SpringBootMockServletContext : Initializing Spring TestDispatcherServlet ''
2024-04-05T10:20:22.633-04:00  INFO 45437 --- [catalog-service] [    Test worker] o.s.t.web.servlet.TestDispatcherServlet  : Initializing Servlet ''
2024-04-05T10:20:22.634-04:00  INFO 45437 --- [catalog-service] [    Test worker] o.s.t.web.servlet.TestDispatcherServlet  : Completed initialization in 1 ms
2024-04-05T10:20:22.647-04:00  INFO 45437 --- [catalog-service] [    Test worker] c.p.c.web.BookControllerMvcTests         : Started BookControllerMvcTests in 0.317 seconds (process running for 3.187)
]]></system-out>
  <system-err><![CDATA[]]></system-err>
</testsuite>
