<?xml version="1.0" encoding="UTF-8"?>
<testsuite name="com.polarbookshop.catalogservice.CatalogServiceApplicationTests" tests="1" skipped="0" failures="1" errors="0" timestamp="2024-03-23T00:42:12" hostname="Bhawnas-MacBook-Pro.local" time="0.69">
  <properties/>
  <testcase name="whenPostRequestThenBookCreated()" classname="com.polarbookshop.catalogservice.CatalogServiceApplicationTests" time="0.69">
    <failure message="java.lang.AssertionError: &#10;Expecting actual not to be null" type="java.lang.AssertionError">java.lang.AssertionError: 
Expecting actual not to be null
	at com.polarbookshop.catalogservice.CatalogServiceApplicationTests.lambda$whenPostRequestThenBookCreated$0(CatalogServiceApplicationTests.java:26)
	at org.springframework.test.web.reactive.server.DefaultWebTestClient$DefaultBodySpec.lambda$value$3(DefaultWebTestClient.java:557)
	at org.springframework.test.web.reactive.server.ExchangeResult.assertWithDiagnostics(ExchangeResult.java:222)
	at org.springframework.test.web.reactive.server.DefaultWebTestClient$DefaultBodySpec.value(DefaultWebTestClient.java:557)
	at com.polarbookshop.catalogservice.CatalogServiceApplicationTests.whenPostRequestThenBookCreated(CatalogServiceApplicationTests.java:25)
	at java.base/java.lang.reflect.Method.invoke(Method.java:568)
	at java.base/java.util.ArrayList.forEach(ArrayList.java:1511)
	at java.base/java.util.ArrayList.forEach(ArrayList.java:1511)
</failure>
  </testcase>
  <system-out><![CDATA[20:42:11.114 [Test worker] INFO org.springframework.test.context.support.AnnotationConfigContextLoaderUtils -- Could not detect default configuration classes for test class [com.polarbookshop.catalogservice.CatalogServiceApplicationTests]: CatalogServiceApplicationTests does not declare any static, non-private, non-final, nested classes annotated with @Configuration.
20:42:11.170 [Test worker] INFO org.springframework.boot.test.context.SpringBootTestContextBootstrapper -- Found @SpringBootConfiguration com.polarbookshop.catalogservice.CatalogServiceApplication for test class com.polarbookshop.catalogservice.CatalogServiceApplicationTests

  .   ____          _            __ _ _
 /\\ / ___'_ __ _ _(_)_ __  __ _ \ \ \ \
( ( )\___ | '_ | '_| | '_ \/ _` | \ \ \ \
 \\/  ___)| |_)| | | | | || (_| |  ) ) ) )
  '  |____| .__|_| |_|_| |_\__, | / / / /
 =========|_|==============|___/=/_/_/_/
 :: Spring Boot ::                (v3.2.3)

2024-03-22T20:42:11.365-04:00  INFO 45794 --- [    Test worker] c.p.c.CatalogServiceApplicationTests     : Starting CatalogServiceApplicationTests using Java 17.0.10 with PID 45794 (started by bhawnabassarmalani in /Users/bhawnabassarmalani/Desktop/Projects/Cloud-native-spring)
2024-03-22T20:42:11.366-04:00  INFO 45794 --- [    Test worker] c.p.c.CatalogServiceApplicationTests     : No active profile set, falling back to 1 default profile: "default"
2024-03-22T20:42:11.812-04:00  INFO 45794 --- [    Test worker] o.s.b.w.embedded.tomcat.TomcatWebServer  : Tomcat initialized with port 0 (http)
2024-03-22T20:42:11.820-04:00  INFO 45794 --- [    Test worker] o.apache.catalina.core.StandardService   : Starting service [Tomcat]
2024-03-22T20:42:11.820-04:00  INFO 45794 --- [    Test worker] o.apache.catalina.core.StandardEngine    : Starting Servlet engine: [Apache Tomcat/10.1.19]
2024-03-22T20:42:11.858-04:00  INFO 45794 --- [    Test worker] o.a.c.c.C.[Tomcat].[localhost].[/]       : Initializing Spring embedded WebApplicationContext
2024-03-22T20:42:11.858-04:00  INFO 45794 --- [    Test worker] w.s.c.ServletWebServerApplicationContext : Root WebApplicationContext: initialization completed in 483 ms
2024-03-22T20:42:12.118-04:00  INFO 45794 --- [    Test worker] o.s.b.w.embedded.tomcat.TomcatWebServer  : Tomcat started on port 65478 (http) with context path ''
2024-03-22T20:42:12.123-04:00  INFO 45794 --- [    Test worker] c.p.c.CatalogServiceApplicationTests     : Started CatalogServiceApplicationTests in 0.89 seconds (process running for 1.391)
2024-03-22T20:42:12.650-04:00 ERROR 45794 --- [    Test worker] i.n.r.d.DnsServerAddressStreamProviders  : Unable to load io.netty.resolver.dns.macos.MacOSDnsServerAddressStreamProvider, fallback to system defaults. This may result in incorrect DNS resolutions on MacOS. Check whether you have a dependency on 'io.netty:netty-resolver-dns-native-macos'. Use DEBUG level to see the full stack: java.lang.UnsatisfiedLinkError: failed to load the required native library
2024-03-22T20:42:12.780-04:00  INFO 45794 --- [o-auto-1-exec-1] o.a.c.c.C.[Tomcat].[localhost].[/]       : Initializing Spring DispatcherServlet 'dispatcherServlet'
2024-03-22T20:42:12.780-04:00  INFO 45794 --- [o-auto-1-exec-1] o.s.web.servlet.DispatcherServlet        : Initializing Servlet 'dispatcherServlet'
2024-03-22T20:42:12.780-04:00  INFO 45794 --- [o-auto-1-exec-1] o.s.web.servlet.DispatcherServlet        : Completed initialization in 0 ms
2024-03-22T20:42:12.878-04:00 ERROR 45794 --- [    Test worker] o.s.t.w.reactive.server.ExchangeResult   : Request details for assertion failure:

> POST http://localhost:65478/books
> accept-encoding: [gzip]
> user-agent: [ReactorNetty/1.1.16]
> host: [localhost:65478]
> accept: [*/*]
> WebTestClient-Request-Id: [1]
> Content-Type: [application/json]
> Content-Length: [67]

{"isbn":"1231231231","title":"Title","author":"Author","price":9.9}

< 201 CREATED Created
< Content-Length: [0]
< Date: [Sat, 23 Mar 2024 00:42:12 GMT]

0 bytes of content (unknown content-type).

]]></system-out>
  <system-err><![CDATA[]]></system-err>
</testsuite>
