<?xml version="1.0" encoding="UTF-8"?>
<testsuite name="com.polarbookshop.catalogservice.web.BookControllerMvcTests" tests="1" skipped="0" failures="0" errors="0" timestamp="2024-04-05T00:27:35" hostname="Bhawnas-MacBook-Pro.local" time="0.032">
  <properties/>
  <testcase name="whenGetBookNotExistingThenShouldReturn404()" classname="com.polarbookshop.catalogservice.web.BookControllerMvcTests" time="0.032"/>
  <system-out><![CDATA[2024-04-04T20:27:35.189-04:00  INFO 17878 --- [catalog-service] [    Test worker] t.c.s.AnnotationConfigContextLoaderUtils : Could not detect default configuration classes for test class [com.polarbookshop.catalogservice.web.BookControllerMvcTests]: BookControllerMvcTests does not declare any static, non-private, non-final, nested classes annotated with @Configuration.
2024-04-04T20:27:35.199-04:00  INFO 17878 --- [catalog-service] [    Test worker] .b.t.c.SpringBootTestContextBootstrapper : Found @SpringBootConfiguration com.polarbookshop.catalogservice.CatalogServiceApplication for test class com.polarbookshop.catalogservice.web.BookControllerMvcTests

  .   ____          _            __ _ _
 /\\ / ___'_ __ _ _(_)_ __  __ _ \ \ \ \
( ( )\___ | '_ | '_| | '_ \/ _` | \ \ \ \
 \\/  ___)| |_)| | | | | || (_| |  ) ) ) )
  '  |____| .__|_| |_|_| |_\__, | / / / /
 =========|_|==============|___/=/_/_/_/
 :: Spring Boot ::                (v3.2.3)

2024-04-04T20:27:35.230-04:00  INFO 17878 --- [catalog-service] [    Test worker] c.p.c.web.BookControllerMvcTests         : Starting BookControllerMvcTests using Java 17.0.10 with PID 17878 (started by bhawnabassarmalani in /Users/bhawnabassarmalani/Desktop/Projects/Cloud-native-spring)
2024-04-04T20:27:35.230-04:00  INFO 17878 --- [catalog-service] [    Test worker] c.p.c.web.BookControllerMvcTests         : No active profile set, falling back to 1 default profile: "default"
2024-04-04T20:27:35.231-04:00  INFO 17878 --- [catalog-service] [    Test worker] o.s.c.c.c.ConfigServerConfigDataLoader   : Fetching config from server at : http://localhost:8888
2024-04-04T20:27:35.231-04:00  INFO 17878 --- [catalog-service] [    Test worker] o.s.c.c.c.ConfigServerConfigDataLoader   : Exception on Url - http://localhost:8888:org.springframework.web.client.ResourceAccessException: I/O error on GET request for "http://localhost:8888/catalog-service/default": Connection refused. Will be trying the next url if available
2024-04-04T20:27:35.231-04:00  WARN 17878 --- [catalog-service] [    Test worker] o.s.c.c.c.ConfigServerConfigDataLoader   : Could not locate PropertySource ([ConfigServerConfigDataResource@7d2ddbf3 uris = array<String>['http://localhost:8888'], optional = true, profiles = 'default']): I/O error on GET request for "http://localhost:8888/catalog-service/default": Connection refused
2024-04-04T20:27:35.231-04:00  INFO 17878 --- [catalog-service] [    Test worker] o.s.c.c.c.ConfigServerConfigDataLoader   : Fetching config from server at : http://localhost:8888
2024-04-04T20:27:35.231-04:00  INFO 17878 --- [catalog-service] [    Test worker] o.s.c.c.c.ConfigServerConfigDataLoader   : Exception on Url - http://localhost:8888:org.springframework.web.client.ResourceAccessException: I/O error on GET request for "http://localhost:8888/catalog-service/default": Connection refused. Will be trying the next url if available
2024-04-04T20:27:35.231-04:00  WARN 17878 --- [catalog-service] [    Test worker] o.s.c.c.c.ConfigServerConfigDataLoader   : Could not locate PropertySource ([ConfigServerConfigDataResource@4eee730c uris = array<String>['http://localhost:8888'], optional = true, profiles = 'default']): I/O error on GET request for "http://localhost:8888/catalog-service/default": Connection refused
2024-04-04T20:27:35.231-04:00  INFO 17878 --- [catalog-service] [    Test worker] o.s.c.c.c.ConfigServerConfigDataLoader   : Fetching config from server at : http://localhost:8888
2024-04-04T20:27:35.231-04:00  INFO 17878 --- [catalog-service] [    Test worker] o.s.c.c.c.ConfigServerConfigDataLoader   : Exception on Url - http://localhost:8888:org.springframework.web.client.ResourceAccessException: I/O error on GET request for "http://localhost:8888/catalog-service/default": Connection refused. Will be trying the next url if available
2024-04-04T20:27:35.231-04:00  WARN 17878 --- [catalog-service] [    Test worker] o.s.c.c.c.ConfigServerConfigDataLoader   : Could not locate PropertySource ([ConfigServerConfigDataResource@1b1d1558 uris = array<String>['http://localhost:8888'], optional = true, profiles = 'default']): I/O error on GET request for "http://localhost:8888/catalog-service/default": Connection refused
2024-04-04T20:27:35.498-04:00  INFO 17878 --- [catalog-service] [    Test worker] o.s.b.t.m.w.SpringBootMockServletContext : Initializing Spring TestDispatcherServlet ''
2024-04-04T20:27:35.498-04:00  INFO 17878 --- [catalog-service] [    Test worker] o.s.t.web.servlet.TestDispatcherServlet  : Initializing Servlet ''
2024-04-04T20:27:35.498-04:00  INFO 17878 --- [catalog-service] [    Test worker] o.s.t.web.servlet.TestDispatcherServlet  : Completed initialization in 0 ms
2024-04-04T20:27:35.516-04:00  INFO 17878 --- [catalog-service] [    Test worker] c.p.c.web.BookControllerMvcTests         : Started BookControllerMvcTests in 0.314 seconds (process running for 3.005)
]]></system-out>
  <system-err><![CDATA[]]></system-err>
</testsuite>
